<?xml version="1.0" encoding="UTF-8"?>
<testng-results skipped="0" failed="0" ignored="0" total="4" passed="4">
  <reporter-output>
  </reporter-output>
  <suite name="Suite" duration-ms="51785" started-at="2019-02-11T01:22:53Z" finished-at="2019-02-11T01:23:45Z">
    <groups>
    </groups>
    <test name="Test" duration-ms="14208" started-at="2019-02-11T01:22:53Z" finished-at="2019-02-11T01:23:07Z">
      <class name="Automation.ValidaNavigation">
        <test-method status="PASS" signature="Initialize()[pri:0, instance:Automation.ValidaNavigation@17550481]" name="Initialize" is-config="true" duration-ms="11963" started-at="2019-02-10T17:22:53Z" finished-at="2019-02-10T17:23:05Z">
          <reporter-output>
          </reporter-output>
        </test-method> <!-- Initialize -->
        <test-method status="PASS" signature="basePageNavigation()[pri:0, instance:Automation.ValidaNavigation@17550481]" name="basePageNavigation" duration-ms="118" started-at="2019-02-10T17:23:05Z" finished-at="2019-02-10T17:23:05Z">
          <reporter-output>
          </reporter-output>
        </test-method> <!-- basePageNavigation -->
        <test-method status="PASS" signature="teardown()[pri:0, instance:Automation.ValidaNavigation@17550481]" name="teardown" is-config="true" duration-ms="2093" started-at="2019-02-10T17:23:05Z" finished-at="2019-02-10T17:23:07Z">
          <reporter-output>
          </reporter-output>
        </test-method> <!-- teardown -->
      </class> <!-- Automation.ValidaNavigation -->
    </test> <!-- Test -->
    <test name="Validate title" duration-ms="12781" started-at="2019-02-11T01:23:07Z" finished-at="2019-02-11T01:23:20Z">
      <class name="Automation.Validatetitle">
        <test-method status="PASS" signature="Initialize()[pri:0, instance:Automation.Validatetitle@3cbbc1e0]" name="Initialize" is-config="true" duration-ms="10393" started-at="2019-02-10T17:23:07Z" finished-at="2019-02-10T17:23:18Z">
          <reporter-output>
          </reporter-output>
        </test-method> <!-- Initialize -->
        <test-method status="PASS" signature="basePageNavigation()[pri:0, instance:Automation.Validatetitle@3cbbc1e0]" name="basePageNavigation" duration-ms="59" started-at="2019-02-10T17:23:18Z" finished-at="2019-02-10T17:23:18Z">
          <reporter-output>
          </reporter-output>
        </test-method> <!-- basePageNavigation -->
        <test-method status="PASS" signature="teardown()[pri:0, instance:Automation.Validatetitle@3cbbc1e0]" name="teardown" is-config="true" duration-ms="2329" started-at="2019-02-10T17:23:18Z" finished-at="2019-02-10T17:23:20Z">
          <reporter-output>
          </reporter-output>
        </test-method> <!-- teardown -->
      </class> <!-- Automation.Validatetitle -->
    </test> <!-- Validate title -->
    <test name="Application testing" duration-ms="0" started-at="2019-02-11T01:23:20Z" finished-at="2019-02-11T01:23:20Z">
    </test> <!-- Application testing -->
    <test name="homepage navogate" duration-ms="24595" started-at="2019-02-11T01:23:20Z" finished-at="2019-02-11T01:23:45Z">
      <class name="Automation.HomePage">
        <test-method status="PASS" signature="Initialize()[pri:0, instance:Automation.HomePage@221af3c0]" name="Initialize" is-config="true" duration-ms="2396" started-at="2019-02-10T17:23:20Z" finished-at="2019-02-10T17:23:23Z">
          <reporter-output>
          </reporter-output>
        </test-method> <!-- Initialize -->
        <test-method status="PASS" signature="basePageNavigation(java.lang.String, java.lang.String, java.lang.String)[pri:0, instance:Automation.HomePage@221af3c0]" name="basePageNavigation" duration-ms="13166" started-at="2019-02-10T17:23:23Z" data-provider="getData" finished-at="2019-02-10T17:23:36Z">
          <params>
            <param index="0">
              <value>
                <![CDATA[thenulakhs@gmail.com]]>
              </value>
            </param>
            <param index="1">
              <value>
                <![CDATA[hari]]>
              </value>
            </param>
            <param index="2">
              <value>
                <![CDATA[This is my first data provider]]>
              </value>
            </param>
          </params>
          <reporter-output>
          </reporter-output>
        </test-method> <!-- basePageNavigation -->
        <test-method status="PASS" signature="basePageNavigation(java.lang.String, java.lang.String, java.lang.String)[pri:0, instance:Automation.HomePage@221af3c0]" name="basePageNavigation" duration-ms="6930" started-at="2019-02-10T17:23:36Z" data-provider="getData" finished-at="2019-02-10T17:23:43Z">
          <params>
            <param index="0">
              <value>
                <![CDATA[hari0837@gmail.com]]>
              </value>
            </param>
            <param index="1">
              <value>
                <![CDATA[hello]]>
              </value>
            </param>
            <param index="2">
              <value>
                <![CDATA[This is my second data provider]]>
              </value>
            </param>
          </params>
          <reporter-output>
          </reporter-output>
        </test-method> <!-- basePageNavigation -->
        <test-method status="PASS" signature="teardown()[pri:0, instance:Automation.HomePage@221af3c0]" name="teardown" is-config="true" duration-ms="2089" started-at="2019-02-10T17:23:43Z" finished-at="2019-02-10T17:23:45Z">
          <reporter-output>
          </reporter-output>
        </test-method> <!-- teardown -->
      </class> <!-- Automation.HomePage -->
    </test> <!-- homepage navogate -->
  </suite> <!-- Suite -->
</testng-results>
